MBand2DataApp/build/outputs/logs/manifest-merger-release-report.txt
-- Merging decision tree log ---
manifest
ADDED from MBand2&LiliPad\MBand2DataApp\AndroidManifest.xml:2:1-38:12
	package
		ADDED from MBand2&LiliPad\MBand2DataApp\AndroidManifest.xml:3:5-47
	android:versionName
		ADDED from MBand2&LiliPad\MBand2DataApp\AndroidManifest.xml:5:5-30
		INJECTED from MBand2&LiliPad\MBand2DataApp\AndroidManifest.xml
		INJECTED from MBand2&LiliPad\MBand2DataApp\AndroidManifest.xml
	android:versionCode
		ADDED from MBand2&LiliPad\MBand2DataApp\AndroidManifest.xml:4:5-28
		INJECTED from MBand2&LiliPad\MBand2DataApp\AndroidManifest.xml
		INJECTED from MBand2&LiliPad\MBand2DataApp\AndroidManifest.xml
	xmlns:android
		ADDED from MBand2&LiliPad\MBand2DataApp\AndroidManifest.xml:2:11-69
uses-sdk
ADDED from MBand2&LiliPad\MBand2DataApp\AndroidManifest.xml:7:5-9:41
	android:targetSdkVersion
		ADDED from MBand2&LiliPad\MBand2DataApp\AndroidManifest.xml:9:9-38
	android:minSdkVersion
		ADDED from MBand2&LiliPad\MBand2DataApp\AndroidManifest.xml:8:9-35
uses-feature#android.hardware.bluetooth_le
ADDED from MBand2&LiliPad\MBand2DataApp\AndroidManifest.xml:11:5-13:35
	android:required
		ADDED from MBand2&LiliPad\MBand2DataApp\AndroidManifest.xml:13:9-32
	android:name
		ADDED from MBand2&LiliPad\MBand2DataApp\AndroidManifest.xml:12:9-53
uses-permission#android.permission.BLUETOOTH
ADDED from MBand2&LiliPad\MBand2DataApp\AndroidManifest.xml:14:5-68
	android:name
		ADDED from MBand2&LiliPad\MBand2DataApp\AndroidManifest.xml:14:22-65
uses-permission#android.permission.BLUETOOTH_ADMIN
ADDED from MBand2&LiliPad\MBand2DataApp\AndroidManifest.xml:15:5-74
	android:name
		ADDED from MBand2&LiliPad\MBand2DataApp\AndroidManifest.xml:15:22-71
uses-permission#android.permission.ACCESS_COARSE_LOCATION
ADDED from MBand2&LiliPad\MBand2DataApp\AndroidManifest.xml:16:5-80
	android:name
		ADDED from MBand2&LiliPad\MBand2DataApp\AndroidManifest.xml:16:22-78
uses-permission#android.permission.ACCESS_FINE_LOCATION
ADDED from MBand2&LiliPad\MBand2DataApp\AndroidManifest.xml:17:5-78
	android:name
		ADDED from MBand2&LiliPad\MBand2DataApp\AndroidManifest.xml:17:22-76
uses-permission#com.microsoft.band.service.access.BIND_BAND_SERVICE
ADDED from MBand2&LiliPad\MBand2DataApp\AndroidManifest.xml:18:5-91
	android:name
		ADDED from MBand2&LiliPad\MBand2DataApp\AndroidManifest.xml:18:22-88
application
ADDED from MBand2&LiliPad\MBand2DataApp\AndroidManifest.xml:21:5-36:19
	android:label
		ADDED from MBand2&LiliPad\MBand2DataApp\AndroidManifest.xml:24:9-41
	android:allowBackup
		ADDED from MBand2&LiliPad\MBand2DataApp\AndroidManifest.xml:22:9-35
	android:icon
		ADDED from MBand2&LiliPad\MBand2DataApp\AndroidManifest.xml:23:9-45
	android:theme
		ADDED from MBand2&LiliPad\MBand2DataApp\AndroidManifest.xml:25:9-40
activity#com.microsoft.band.sdk.heartrate.BandHeartRateAppActivity
ADDED from MBand2&LiliPad\MBand2DataApp\AndroidManifest.xml:26:9-35:20
	android:screenOrientation
		ADDED from MBand2&LiliPad\MBand2DataApp\AndroidManifest.xml:28:13-49
	android:label
		ADDED from MBand2&LiliPad\MBand2DataApp\AndroidManifest.xml:29:13-45
	android:name
		ADDED from MBand2&LiliPad\MBand2DataApp\AndroidManifest.xml:27:13-85
intent-filter#android.intent.action.MAIN+android.intent.category.LAUNCHER
ADDED from MBand2&LiliPad\MBand2DataApp\AndroidManifest.xml:30:13-34:29
action#android.intent.action.MAIN
ADDED from MBand2&LiliPad\MBand2DataApp\AndroidManifest.xml:31:17-69
	android:name
		ADDED from MBand2&LiliPad\MBand2DataApp\AndroidManifest.xml:31:25-66
category#android.intent.category.LAUNCHER
ADDED from MBand2&LiliPad\MBand2DataApp\AndroidManifest.xml:33:17-77
	android:name
		ADDED from MBand2&LiliPad\MBand2DataApp\AndroidManifest.xml:33:27-74